<?xml version='1.0' encoding='UTF-8' ?>
<testsuite name="org.jetbrains.android_benchmark.AckermannBenchmark" tests="62" failures="0" errors="0" skipped="0" time="3626.37" timestamp="2023-07-09T23:40:07" hostname="localhost">
  <properties>
    <property name="device" value="SM-A515F - 13" />
    <property name="flavor" value="" />
    <property name="project" value=":android-benchmark" />
  </properties>
  <testcase name="mutableUniversalRefIntIn1Long" classname="org.jetbrains.android_benchmark.AckermannBenchmark" time="13.227" />
  <testcase name="valueDouble" classname="org.jetbrains.android_benchmark.AckermannBenchmark" time="110.758" />
  <testcase name="valueInt" classname="org.jetbrains.android_benchmark.AckermannBenchmark" time="6.307" />
  <testcase name="mutableSpecificRefFloat" classname="org.jetbrains.android_benchmark.AckermannBenchmark" time="4.825" />
  <testcase name="valuePreserveBoxDouble" classname="org.jetbrains.android_benchmark.AckermannBenchmark" time="13.972" />
  <testcase name="valuePreserveBoxFloat" classname="org.jetbrains.android_benchmark.AckermannBenchmark" time="11.302" />
  <testcase name="valueLong" classname="org.jetbrains.android_benchmark.AckermannBenchmark" time="17.194" />
  <testcase name="mutableUniversalRefLong" classname="org.jetbrains.android_benchmark.AckermannBenchmark" time="5.327" />
  <testcase name="baselineLong" classname="org.jetbrains.android_benchmark.AckermannBenchmark" time="17.499" />
  <testcase name="mutableUniversalRefDouble" classname="org.jetbrains.android_benchmark.AckermannBenchmark" time="97.734" />
  <testcase name="baselineDouble" classname="org.jetbrains.android_benchmark.AckermannBenchmark" time="10.606" />
  <testcase name="valueOnlyBodiesLong" classname="org.jetbrains.android_benchmark.AckermannBenchmark" time="15.837" />
  <testcase name="valuePreserveBoxLong" classname="org.jetbrains.android_benchmark.AckermannBenchmark" time="17.421" />
  <testcase name="valueOnlyBodiesFloat" classname="org.jetbrains.android_benchmark.AckermannBenchmark" time="7.816" />
  <testcase name="mutableSpecificRefDouble" classname="org.jetbrains.android_benchmark.AckermannBenchmark" time="5.749" />
  <testcase name="baselineFloat" classname="org.jetbrains.android_benchmark.AckermannBenchmark" time="17.646" />
  <testcase name="longPackFloat" classname="org.jetbrains.android_benchmark.AckermannBenchmark" time="4.673" />
  <testcase name="baselineInt" classname="org.jetbrains.android_benchmark.AckermannBenchmark" time="8.194" />
  <testcase name="valuePreserveBoxInt" classname="org.jetbrains.android_benchmark.AckermannBenchmark" time="13.613" />
  <testcase name="mutableSpecificRefLong" classname="org.jetbrains.android_benchmark.AckermannBenchmark" time="5.554" />
  <testcase name="valueOnlyBodiesDouble" classname="org.jetbrains.android_benchmark.AckermannBenchmark" time="109.524" />
  <testcase name="valueOnlyBodiesInt" classname="org.jetbrains.android_benchmark.AckermannBenchmark" time="6.547" />
  <testcase name="mutableUniversalRefIntIn2Longs" classname="org.jetbrains.android_benchmark.AckermannBenchmark" time="6.022" />
  <testcase name="mutableUniversalRefFloatIn2Longs" classname="org.jetbrains.android_benchmark.AckermannBenchmark" time="6.449" />
  <testcase name="mutableUniversalRefFloatIn1Long" classname="org.jetbrains.android_benchmark.AckermannBenchmark" time="7.091" />
  <testcase name="longPackInt" classname="org.jetbrains.android_benchmark.AckermannBenchmark" time="5.759" />
  <testcase name="valueFloat" classname="org.jetbrains.android_benchmark.AckermannBenchmark" time="16.88" />
  <testcase name="mutableSpecificRefInt" classname="org.jetbrains.android_benchmark.AckermannBenchmark" time="5.504" />
  <testcase name="valueDouble" classname="org.jetbrains.android_benchmark.BoxRecreationBenchmark" time="16.944" />
  <testcase name="valueInt" classname="org.jetbrains.android_benchmark.BoxRecreationBenchmark" time="14.413" />
  <testcase name="valuePreserveBoxDouble" classname="org.jetbrains.android_benchmark.BoxRecreationBenchmark" time="17.24" />
  <testcase name="valuePreserveBoxFloat" classname="org.jetbrains.android_benchmark.BoxRecreationBenchmark" time="109.463" />
  <testcase name="valueLong" classname="org.jetbrains.android_benchmark.BoxRecreationBenchmark" time="17.329" />
  <testcase name="baselineLong" classname="org.jetbrains.android_benchmark.BoxRecreationBenchmark" time="17.078" />
  <testcase name="baselineDouble" classname="org.jetbrains.android_benchmark.BoxRecreationBenchmark" time="16.627" />
  <testcase name="valuePreserveBoxLong" classname="org.jetbrains.android_benchmark.BoxRecreationBenchmark" time="17.612" />
  <testcase name="baselineFloat" classname="org.jetbrains.android_benchmark.BoxRecreationBenchmark" time="4.256" />
  <testcase name="longPackFloat" classname="org.jetbrains.android_benchmark.BoxRecreationBenchmark" time="18.205" />
  <testcase name="baselineInt" classname="org.jetbrains.android_benchmark.BoxRecreationBenchmark" time="10.823" />
  <testcase name="valuePreserveBoxInt" classname="org.jetbrains.android_benchmark.BoxRecreationBenchmark" time="9.616" />
  <testcase name="longPackInt" classname="org.jetbrains.android_benchmark.BoxRecreationBenchmark" time="111.586" />
  <testcase name="valueFloat" classname="org.jetbrains.android_benchmark.BoxRecreationBenchmark" time="16.373" />
  <testcase name="valueDouble" classname="org.jetbrains.android_benchmark.Wolf3dBenchmark" time="212.665" />
  <testcase name="inlineFloat" classname="org.jetbrains.android_benchmark.Wolf3dBenchmark" time="269.451" />
  <testcase name="mutableSpecificRefFloat" classname="org.jetbrains.android_benchmark.Wolf3dBenchmark" time="187.469" />
  <testcase name="valuePreserveBoxDouble" classname="org.jetbrains.android_benchmark.Wolf3dBenchmark" time="75.788" />
  <testcase name="valueInlineOnlyBodiesDouble" classname="org.jetbrains.android_benchmark.Wolf3dBenchmark" time="8.83" />
  <testcase name="valuePreserveBoxFloat" classname="org.jetbrains.android_benchmark.Wolf3dBenchmark" time="334.927" />
  <testcase name="mutableUniversalRefDouble" classname="org.jetbrains.android_benchmark.Wolf3dBenchmark" time="104.064" />
  <testcase name="baselineDouble" classname="org.jetbrains.android_benchmark.Wolf3dBenchmark" time="210.32" />
  <testcase name="valueInlineDouble" classname="org.jetbrains.android_benchmark.Wolf3dBenchmark" time="4.689" />
  <testcase name="valueInlineOnlyBodiesFloat" classname="org.jetbrains.android_benchmark.Wolf3dBenchmark" time="109.937" />
  <testcase name="inlineDouble" classname="org.jetbrains.android_benchmark.Wolf3dBenchmark" time="459.562" />
  <testcase name="valueOnlyBodiesFloat" classname="org.jetbrains.android_benchmark.Wolf3dBenchmark" time="114.368" />
  <testcase name="mutableSpecificRefDouble" classname="org.jetbrains.android_benchmark.Wolf3dBenchmark" time="7.902" />
  <testcase name="baselineFloat" classname="org.jetbrains.android_benchmark.Wolf3dBenchmark" time="68.398" />
  <testcase name="longPackFloat" classname="org.jetbrains.android_benchmark.Wolf3dBenchmark" time="10.859" />
  <testcase name="valueOnlyBodiesDouble" classname="org.jetbrains.android_benchmark.Wolf3dBenchmark" time="215.869" />
  <testcase name="valueInlineFloat" classname="org.jetbrains.android_benchmark.Wolf3dBenchmark" time="2.6" />
  <testcase name="mutableUniversalRefFloatIn2Longs" classname="org.jetbrains.android_benchmark.Wolf3dBenchmark" time="17.919" />
  <testcase name="mutableUniversalRefFloatIn1Long" classname="org.jetbrains.android_benchmark.Wolf3dBenchmark" time="22.308" />
  <testcase name="valueFloat" classname="org.jetbrains.android_benchmark.Wolf3dBenchmark" time="65.699" />
</testsuite>